[2024-11-10 18:00:01] Running Symbols.py...
Output of Symbols.py logged to log.txt.
[2024-11-10 18:00:04] Running StkData.py...
Output of StkData.py logged to log.txt.
[2024-11-10 18:48:40] Running Updated_Mktcap.py...
Output of Updated_Mktcap.py logged to log.txt.
[2024-11-10 19:12:33] Running promoter_pledge.py...
Output of promoter_pledge.py logged to log.txt.
[2024-11-10 19:12:51] Running insider_trading_data.py...
Output of insider_trading_data.py logged to log.txt.
[2024-11-10 19:15:32] Running commit_files.py...
Output of commit_files.py logged to log.txt.
Deleted file: data_update.log
Deleted file: log.txt
[2024-11-11 18:00:01] Running Symbols.py...
Output of Symbols.py logged to log.txt.
[2024-11-11 18:00:03] Running StkData.py...
Output of StkData.py logged to log.txt.
[2024-11-11 19:49:02] Running Updated_Mktcap.py...
Output of Updated_Mktcap.py logged to log.txt.
[2024-11-11 20:28:21] Running promoter_pledge.py...
Output of promoter_pledge.py logged to log.txt.
[2024-11-11 20:28:37] Running insider_trading_data.py...
Output of insider_trading_data.py logged to log.txt.
[2024-11-11 20:31:30] Running commit_files.py...
Output of commit_files.py logged to log.txt.
