2024-11-25 11:22:10,204 Loaded existing pledge.csv file.
2024-11-25 11:22:10,205 Establishing session with NSE website...
2024-11-25 11:22:10,216 Starting new HTTPS connection (1): www.nseindia.com:443
2024-11-25 11:22:12,866 https://www.nseindia.com:443 "GET / HTTP/1.1" 200 None
2024-11-25 11:22:12,921 Fetching pledged data...
2024-11-25 11:22:15,855 https://www.nseindia.com:443 "GET /api/corporate-pledgedata?index=equities HTTP/1.1" 200 None
2024-11-25 11:22:16,038 Data fetched successfully.
2024-11-25 11:22:16,099 Processing fetched data...
2024-11-25 11:22:24,868 Entries added today: 0
2024-11-25 11:22:24,928 pledge.csv updated successfully with 3213 total entries.
2024-11-25 11:22:29,450 Loaded existing insider.csv file.
2024-11-25 11:22:29,451 Establishing session with NSE website...
2024-11-25 11:22:29,460 Starting new HTTPS connection (1): www.nseindia.com:443
2024-11-25 11:22:29,957 https://www.nseindia.com:443 "GET / HTTP/1.1" 200 None
2024-11-25 11:22:30,040 Fetching insider trading data...
2024-11-25 11:22:30,661 https://www.nseindia.com:443 "GET /api/corporates-pit?index=equities&from_date=28-07-2024&to_date=25-11-2024 HTTP/1.1" 200 None
2024-11-25 11:22:31,452 Data fetched successfully.
2024-11-25 11:22:31,742 Processing fetched data...
2024-11-25 11:25:31,659 Entries added today: 5749
2024-11-25 11:25:33,911 insider.csv updated successfully with 17272 total entries.
